Start testing: Oct 21 14:08 +03
----------------------------------------------------------
1/7 Testing: Task1.test1
1/7 Test: Task1.test1
Command: "/home/stani/Документы/553501/ОАиП/LR4/tests/build/test_case" "--gtest_filter=Task1.test1" "--gtest_also_run_disabled_tests"
Directory: /home/stani/Документы/553501/ОАиП/LR4/tests/build
"Task1.test1" start time: Oct 21 14:08 +03
Output:
----------------------------------------------------------
Running main() from /home/stani/Документы/553501/ОАиП/LR4/tests/build/_deps/googletest-src/googletest/src/gtest_main.cc
Note: Google Test filter = Task1.test1
[==========] Running 1 test from 1 test suite.
[----------] Global test environment set-up.
[----------] 1 test from Task1
[ RUN      ] Task1.test1
[       OK ] Task1.test1 (0 ms)
[----------] 1 test from Task1 (0 ms total)

[----------] Global test environment tear-down
[==========] 1 test from 1 test suite ran. (0 ms total)
[  PASSED  ] 1 test.
<end of output>
Test time =   0.01 sec
----------------------------------------------------------
Test Passed.
"Task1.test1" end time: Oct 21 14:08 +03
"Task1.test1" time elapsed: 00:00:00
----------------------------------------------------------

2/7 Testing: Task1.test2
2/7 Test: Task1.test2
Command: "/home/stani/Документы/553501/ОАиП/LR4/tests/build/test_case" "--gtest_filter=Task1.test2" "--gtest_also_run_disabled_tests"
Directory: /home/stani/Документы/553501/ОАиП/LR4/tests/build
"Task1.test2" start time: Oct 21 14:08 +03
Output:
----------------------------------------------------------
Running main() from /home/stani/Документы/553501/ОАиП/LR4/tests/build/_deps/googletest-src/googletest/src/gtest_main.cc
Note: Google Test filter = Task1.test2
[==========] Running 1 test from 1 test suite.
[----------] Global test environment set-up.
[----------] 1 test from Task1
[ RUN      ] Task1.test2
[       OK ] Task1.test2 (0 ms)
[----------] 1 test from Task1 (0 ms total)

[----------] Global test environment tear-down
[==========] 1 test from 1 test suite ran. (0 ms total)
[  PASSED  ] 1 test.
<end of output>
Test time =   0.01 sec
----------------------------------------------------------
Test Passed.
"Task1.test2" end time: Oct 21 14:08 +03
"Task1.test2" time elapsed: 00:00:00
----------------------------------------------------------

3/7 Testing: Task2.test1
3/7 Test: Task2.test1
Command: "/home/stani/Документы/553501/ОАиП/LR4/tests/build/test_case" "--gtest_filter=Task2.test1" "--gtest_also_run_disabled_tests"
Directory: /home/stani/Документы/553501/ОАиП/LR4/tests/build
"Task2.test1" start time: Oct 21 14:08 +03
Output:
----------------------------------------------------------
Running main() from /home/stani/Документы/553501/ОАиП/LR4/tests/build/_deps/googletest-src/googletest/src/gtest_main.cc
Note: Google Test filter = Task2.test1
[==========] Running 1 test from 1 test suite.
[----------] Global test environment set-up.
[----------] 1 test from Task2
[ RUN      ] Task2.test1
[       OK ] Task2.test1 (0 ms)
[----------] 1 test from Task2 (0 ms total)

[----------] Global test environment tear-down
[==========] 1 test from 1 test suite ran. (0 ms total)
[  PASSED  ] 1 test.
<end of output>
Test time =   0.01 sec
----------------------------------------------------------
Test Passed.
"Task2.test1" end time: Oct 21 14:08 +03
"Task2.test1" time elapsed: 00:00:00
----------------------------------------------------------

4/7 Testing: Task2.test2
4/7 Test: Task2.test2
Command: "/home/stani/Документы/553501/ОАиП/LR4/tests/build/test_case" "--gtest_filter=Task2.test2" "--gtest_also_run_disabled_tests"
Directory: /home/stani/Документы/553501/ОАиП/LR4/tests/build
"Task2.test2" start time: Oct 21 14:08 +03
Output:
----------------------------------------------------------
Running main() from /home/stani/Документы/553501/ОАиП/LR4/tests/build/_deps/googletest-src/googletest/src/gtest_main.cc
Note: Google Test filter = Task2.test2
[==========] Running 1 test from 1 test suite.
[----------] Global test environment set-up.
[----------] 1 test from Task2
[ RUN      ] Task2.test2
[       OK ] Task2.test2 (0 ms)
[----------] 1 test from Task2 (0 ms total)

[----------] Global test environment tear-down
[==========] 1 test from 1 test suite ran. (0 ms total)
[  PASSED  ] 1 test.
<end of output>
Test time =   0.01 sec
----------------------------------------------------------
Test Passed.
"Task2.test2" end time: Oct 21 14:08 +03
"Task2.test2" time elapsed: 00:00:00
----------------------------------------------------------

5/7 Testing: Task3.test1
5/7 Test: Task3.test1
Command: "/home/stani/Документы/553501/ОАиП/LR4/tests/build/test_case" "--gtest_filter=Task3.test1" "--gtest_also_run_disabled_tests"
Directory: /home/stani/Документы/553501/ОАиП/LR4/tests/build
"Task3.test1" start time: Oct 21 14:08 +03
Output:
----------------------------------------------------------
Running main() from /home/stani/Документы/553501/ОАиП/LR4/tests/build/_deps/googletest-src/googletest/src/gtest_main.cc
Note: Google Test filter = Task3.test1
[==========] Running 1 test from 1 test suite.
[----------] Global test environment set-up.
[----------] 1 test from Task3
[ RUN      ] Task3.test1
[       OK ] Task3.test1 (0 ms)
[----------] 1 test from Task3 (0 ms total)

[----------] Global test environment tear-down
[==========] 1 test from 1 test suite ran. (0 ms total)
[  PASSED  ] 1 test.
<end of output>
Test time =   0.00 sec
----------------------------------------------------------
Test Passed.
"Task3.test1" end time: Oct 21 14:08 +03
"Task3.test1" time elapsed: 00:00:00
----------------------------------------------------------

6/7 Testing: Task3.test2
6/7 Test: Task3.test2
Command: "/home/stani/Документы/553501/ОАиП/LR4/tests/build/test_case" "--gtest_filter=Task3.test2" "--gtest_also_run_disabled_tests"
Directory: /home/stani/Документы/553501/ОАиП/LR4/tests/build
"Task3.test2" start time: Oct 21 14:08 +03
Output:
----------------------------------------------------------
Running main() from /home/stani/Документы/553501/ОАиП/LR4/tests/build/_deps/googletest-src/googletest/src/gtest_main.cc
Note: Google Test filter = Task3.test2
[==========] Running 1 test from 1 test suite.
[----------] Global test environment set-up.
[----------] 1 test from Task3
[ RUN      ] Task3.test2
[       OK ] Task3.test2 (0 ms)
[----------] 1 test from Task3 (0 ms total)

[----------] Global test environment tear-down
[==========] 1 test from 1 test suite ran. (0 ms total)
[  PASSED  ] 1 test.
<end of output>
Test time =   0.00 sec
----------------------------------------------------------
Test Passed.
"Task3.test2" end time: Oct 21 14:08 +03
"Task3.test2" time elapsed: 00:00:00
----------------------------------------------------------

7/7 Testing: Task3.test3
7/7 Test: Task3.test3
Command: "/home/stani/Документы/553501/ОАиП/LR4/tests/build/test_case" "--gtest_filter=Task3.test3" "--gtest_also_run_disabled_tests"
Directory: /home/stani/Документы/553501/ОАиП/LR4/tests/build
"Task3.test3" start time: Oct 21 14:08 +03
Output:
----------------------------------------------------------
Running main() from /home/stani/Документы/553501/ОАиП/LR4/tests/build/_deps/googletest-src/googletest/src/gtest_main.cc
Note: Google Test filter = Task3.test3
[==========] Running 1 test from 1 test suite.
[----------] Global test environment set-up.
[----------] 1 test from Task3
[ RUN      ] Task3.test3
[       OK ] Task3.test3 (0 ms)
[----------] 1 test from Task3 (0 ms total)

[----------] Global test environment tear-down
[==========] 1 test from 1 test suite ran. (0 ms total)
[  PASSED  ] 1 test.
<end of output>
Test time =   0.01 sec
----------------------------------------------------------
Test Passed.
"Task3.test3" end time: Oct 21 14:08 +03
"Task3.test3" time elapsed: 00:00:00
----------------------------------------------------------

End testing: Oct 21 14:08 +03
