Start testing: Nov 04 13:30 +03
----------------------------------------------------------
1/15 Testing: Task1.test1
1/15 Test: Task1.test1
Command: "/home/stani/Документы/553501/ОАиП/LR5/tests/build/test_case" "--gtest_filter=Task1.test1" "--gtest_also_run_disabled_tests"
Directory: /home/stani/Документы/553501/ОАиП/LR5/tests/build
"Task1.test1" start time: Nov 04 13:30 +03
Output:
----------------------------------------------------------
Running main() from /home/stani/Документы/553501/ОАиП/LR5/tests/build/_deps/googletest-src/googletest/src/gtest_main.cc
Note: Google Test filter = Task1.test1
[==========] Running 1 test from 1 test suite.
[----------] Global test environment set-up.
[----------] 1 test from Task1
[ RUN      ] Task1.test1
[       OK ] Task1.test1 (0 ms)
[----------] 1 test from Task1 (0 ms total)

[----------] Global test environment tear-down
[==========] 1 test from 1 test suite ran. (0 ms total)
[  PASSED  ] 1 test.
<end of output>
Test time =   0.01 sec
----------------------------------------------------------
Test Passed.
"Task1.test1" end time: Nov 04 13:30 +03
"Task1.test1" time elapsed: 00:00:00
----------------------------------------------------------

2/15 Testing: Task1.test2
2/15 Test: Task1.test2
Command: "/home/stani/Документы/553501/ОАиП/LR5/tests/build/test_case" "--gtest_filter=Task1.test2" "--gtest_also_run_disabled_tests"
Directory: /home/stani/Документы/553501/ОАиП/LR5/tests/build
"Task1.test2" start time: Nov 04 13:30 +03
Output:
----------------------------------------------------------
Running main() from /home/stani/Документы/553501/ОАиП/LR5/tests/build/_deps/googletest-src/googletest/src/gtest_main.cc
Note: Google Test filter = Task1.test2
[==========] Running 1 test from 1 test suite.
[----------] Global test environment set-up.
[----------] 1 test from Task1
[ RUN      ] Task1.test2
[       OK ] Task1.test2 (0 ms)
[----------] 1 test from Task1 (0 ms total)

[----------] Global test environment tear-down
[==========] 1 test from 1 test suite ran. (0 ms total)
[  PASSED  ] 1 test.
<end of output>
Test time =   0.01 sec
----------------------------------------------------------
Test Passed.
"Task1.test2" end time: Nov 04 13:30 +03
"Task1.test2" time elapsed: 00:00:00
----------------------------------------------------------

3/15 Testing: Task1.test3
3/15 Test: Task1.test3
Command: "/home/stani/Документы/553501/ОАиП/LR5/tests/build/test_case" "--gtest_filter=Task1.test3" "--gtest_also_run_disabled_tests"
Directory: /home/stani/Документы/553501/ОАиП/LR5/tests/build
"Task1.test3" start time: Nov 04 13:30 +03
Output:
----------------------------------------------------------
Running main() from /home/stani/Документы/553501/ОАиП/LR5/tests/build/_deps/googletest-src/googletest/src/gtest_main.cc
Note: Google Test filter = Task1.test3
[==========] Running 1 test from 1 test suite.
[----------] Global test environment set-up.
[----------] 1 test from Task1
[ RUN      ] Task1.test3
[       OK ] Task1.test3 (0 ms)
[----------] 1 test from Task1 (0 ms total)

[----------] Global test environment tear-down
[==========] 1 test from 1 test suite ran. (0 ms total)
[  PASSED  ] 1 test.
<end of output>
Test time =   0.00 sec
----------------------------------------------------------
Test Passed.
"Task1.test3" end time: Nov 04 13:30 +03
"Task1.test3" time elapsed: 00:00:00
----------------------------------------------------------

4/15 Testing: Task2.test1
4/15 Test: Task2.test1
Command: "/home/stani/Документы/553501/ОАиП/LR5/tests/build/test_case" "--gtest_filter=Task2.test1" "--gtest_also_run_disabled_tests"
Directory: /home/stani/Документы/553501/ОАиП/LR5/tests/build
"Task2.test1" start time: Nov 04 13:30 +03
Output:
----------------------------------------------------------
Running main() from /home/stani/Документы/553501/ОАиП/LR5/tests/build/_deps/googletest-src/googletest/src/gtest_main.cc
Note: Google Test filter = Task2.test1
[==========] Running 1 test from 1 test suite.
[----------] Global test environment set-up.
[----------] 1 test from Task2
[ RUN      ] Task2.test1
[       OK ] Task2.test1 (0 ms)
[----------] 1 test from Task2 (0 ms total)

[----------] Global test environment tear-down
[==========] 1 test from 1 test suite ran. (0 ms total)
[  PASSED  ] 1 test.
<end of output>
Test time =   0.00 sec
----------------------------------------------------------
Test Passed.
"Task2.test1" end time: Nov 04 13:30 +03
"Task2.test1" time elapsed: 00:00:00
----------------------------------------------------------

5/15 Testing: Task2.test2
5/15 Test: Task2.test2
Command: "/home/stani/Документы/553501/ОАиП/LR5/tests/build/test_case" "--gtest_filter=Task2.test2" "--gtest_also_run_disabled_tests"
Directory: /home/stani/Документы/553501/ОАиП/LR5/tests/build
"Task2.test2" start time: Nov 04 13:30 +03
Output:
----------------------------------------------------------
Running main() from /home/stani/Документы/553501/ОАиП/LR5/tests/build/_deps/googletest-src/googletest/src/gtest_main.cc
Note: Google Test filter = Task2.test2
[==========] Running 1 test from 1 test suite.
[----------] Global test environment set-up.
[----------] 1 test from Task2
[ RUN      ] Task2.test2
[       OK ] Task2.test2 (0 ms)
[----------] 1 test from Task2 (0 ms total)

[----------] Global test environment tear-down
[==========] 1 test from 1 test suite ran. (0 ms total)
[  PASSED  ] 1 test.
<end of output>
Test time =   0.00 sec
----------------------------------------------------------
Test Passed.
"Task2.test2" end time: Nov 04 13:30 +03
"Task2.test2" time elapsed: 00:00:00
----------------------------------------------------------

6/15 Testing: Task2.test3
6/15 Test: Task2.test3
Command: "/home/stani/Документы/553501/ОАиП/LR5/tests/build/test_case" "--gtest_filter=Task2.test3" "--gtest_also_run_disabled_tests"
Directory: /home/stani/Документы/553501/ОАиП/LR5/tests/build
"Task2.test3" start time: Nov 04 13:30 +03
Output:
----------------------------------------------------------
Running main() from /home/stani/Документы/553501/ОАиП/LR5/tests/build/_deps/googletest-src/googletest/src/gtest_main.cc
Note: Google Test filter = Task2.test3
[==========] Running 1 test from 1 test suite.
[----------] Global test environment set-up.
[----------] 1 test from Task2
[ RUN      ] Task2.test3
[       OK ] Task2.test3 (0 ms)
[----------] 1 test from Task2 (0 ms total)

[----------] Global test environment tear-down
[==========] 1 test from 1 test suite ran. (0 ms total)
[  PASSED  ] 1 test.
<end of output>
Test time =   0.01 sec
----------------------------------------------------------
Test Passed.
"Task2.test3" end time: Nov 04 13:30 +03
"Task2.test3" time elapsed: 00:00:00
----------------------------------------------------------

7/15 Testing: Task3.test1
7/15 Test: Task3.test1
Command: "/home/stani/Документы/553501/ОАиП/LR5/tests/build/test_case" "--gtest_filter=Task3.test1" "--gtest_also_run_disabled_tests"
Directory: /home/stani/Документы/553501/ОАиП/LR5/tests/build
"Task3.test1" start time: Nov 04 13:30 +03
Output:
----------------------------------------------------------
Running main() from /home/stani/Документы/553501/ОАиП/LR5/tests/build/_deps/googletest-src/googletest/src/gtest_main.cc
Note: Google Test filter = Task3.test1
[==========] Running 1 test from 1 test suite.
[----------] Global test environment set-up.
[----------] 1 test from Task3
[ RUN      ] Task3.test1
[       OK ] Task3.test1 (0 ms)
[----------] 1 test from Task3 (0 ms total)

[----------] Global test environment tear-down
[==========] 1 test from 1 test suite ran. (0 ms total)
[  PASSED  ] 1 test.
<end of output>
Test time =   0.01 sec
----------------------------------------------------------
Test Passed.
"Task3.test1" end time: Nov 04 13:30 +03
"Task3.test1" time elapsed: 00:00:00
----------------------------------------------------------

8/15 Testing: Task3.test2
8/15 Test: Task3.test2
Command: "/home/stani/Документы/553501/ОАиП/LR5/tests/build/test_case" "--gtest_filter=Task3.test2" "--gtest_also_run_disabled_tests"
Directory: /home/stani/Документы/553501/ОАиП/LR5/tests/build
"Task3.test2" start time: Nov 04 13:30 +03
Output:
----------------------------------------------------------
Running main() from /home/stani/Документы/553501/ОАиП/LR5/tests/build/_deps/googletest-src/googletest/src/gtest_main.cc
Note: Google Test filter = Task3.test2
[==========] Running 1 test from 1 test suite.
[----------] Global test environment set-up.
[----------] 1 test from Task3
[ RUN      ] Task3.test2
Четные элементы главной диагонали: 

[       OK ] Task3.test2 (0 ms)
[----------] 1 test from Task3 (0 ms total)

[----------] Global test environment tear-down
[==========] 1 test from 1 test suite ran. (0 ms total)
[  PASSED  ] 1 test.
<end of output>
Test time =   0.01 sec
----------------------------------------------------------
Test Passed.
"Task3.test2" end time: Nov 04 13:30 +03
"Task3.test2" time elapsed: 00:00:00
----------------------------------------------------------

9/15 Testing: Task3.test3
9/15 Test: Task3.test3
Command: "/home/stani/Документы/553501/ОАиП/LR5/tests/build/test_case" "--gtest_filter=Task3.test3" "--gtest_also_run_disabled_tests"
Directory: /home/stani/Документы/553501/ОАиП/LR5/tests/build
"Task3.test3" start time: Nov 04 13:30 +03
Output:
----------------------------------------------------------
Running main() from /home/stani/Документы/553501/ОАиП/LR5/tests/build/_deps/googletest-src/googletest/src/gtest_main.cc
Note: Google Test filter = Task3.test3
[==========] Running 1 test from 1 test suite.
[----------] Global test environment set-up.
[----------] 1 test from Task3
[ RUN      ] Task3.test3
Четные элементы главной диагонали: 
4 
[       OK ] Task3.test3 (0 ms)
[----------] 1 test from Task3 (0 ms total)

[----------] Global test environment tear-down
[==========] 1 test from 1 test suite ran. (0 ms total)
[  PASSED  ] 1 test.
<end of output>
Test time =   0.01 sec
----------------------------------------------------------
Test Passed.
"Task3.test3" end time: Nov 04 13:30 +03
"Task3.test3" time elapsed: 00:00:00
----------------------------------------------------------

10/15 Testing: Task4.test1
10/15 Test: Task4.test1
Command: "/home/stani/Документы/553501/ОАиП/LR5/tests/build/test_case" "--gtest_filter=Task4.test1" "--gtest_also_run_disabled_tests"
Directory: /home/stani/Документы/553501/ОАиП/LR5/tests/build
"Task4.test1" start time: Nov 04 13:30 +03
Output:
----------------------------------------------------------
Running main() from /home/stani/Документы/553501/ОАиП/LR5/tests/build/_deps/googletest-src/googletest/src/gtest_main.cc
Note: Google Test filter = Task4.test1
[==========] Running 1 test from 1 test suite.
[----------] Global test environment set-up.
[----------] 1 test from Task4
[ RUN      ] Task4.test1
[       OK ] Task4.test1 (0 ms)
[----------] 1 test from Task4 (0 ms total)

[----------] Global test environment tear-down
[==========] 1 test from 1 test suite ran. (0 ms total)
[  PASSED  ] 1 test.
<end of output>
Test time =   0.01 sec
----------------------------------------------------------
Test Passed.
"Task4.test1" end time: Nov 04 13:30 +03
"Task4.test1" time elapsed: 00:00:00
----------------------------------------------------------

11/15 Testing: Task4.test2
11/15 Test: Task4.test2
Command: "/home/stani/Документы/553501/ОАиП/LR5/tests/build/test_case" "--gtest_filter=Task4.test2" "--gtest_also_run_disabled_tests"
Directory: /home/stani/Документы/553501/ОАиП/LR5/tests/build
"Task4.test2" start time: Nov 04 13:30 +03
Output:
----------------------------------------------------------
Running main() from /home/stani/Документы/553501/ОАиП/LR5/tests/build/_deps/googletest-src/googletest/src/gtest_main.cc
Note: Google Test filter = Task4.test2
[==========] Running 1 test from 1 test suite.
[----------] Global test environment set-up.
[----------] 1 test from Task4
[ RUN      ] Task4.test2
[       OK ] Task4.test2 (0 ms)
[----------] 1 test from Task4 (0 ms total)

[----------] Global test environment tear-down
[==========] 1 test from 1 test suite ran. (0 ms total)
[  PASSED  ] 1 test.
<end of output>
Test time =   0.01 sec
----------------------------------------------------------
Test Passed.
"Task4.test2" end time: Nov 04 13:30 +03
"Task4.test2" time elapsed: 00:00:00
----------------------------------------------------------

12/15 Testing: Task4.test3
12/15 Test: Task4.test3
Command: "/home/stani/Документы/553501/ОАиП/LR5/tests/build/test_case" "--gtest_filter=Task4.test3" "--gtest_also_run_disabled_tests"
Directory: /home/stani/Документы/553501/ОАиП/LR5/tests/build
"Task4.test3" start time: Nov 04 13:30 +03
Output:
----------------------------------------------------------
Running main() from /home/stani/Документы/553501/ОАиП/LR5/tests/build/_deps/googletest-src/googletest/src/gtest_main.cc
Note: Google Test filter = Task4.test3
[==========] Running 1 test from 1 test suite.
[----------] Global test environment set-up.
[----------] 1 test from Task4
[ RUN      ] Task4.test3
[       OK ] Task4.test3 (0 ms)
[----------] 1 test from Task4 (0 ms total)

[----------] Global test environment tear-down
[==========] 1 test from 1 test suite ran. (0 ms total)
[  PASSED  ] 1 test.
<end of output>
Test time =   0.00 sec
----------------------------------------------------------
Test Passed.
"Task4.test3" end time: Nov 04 13:30 +03
"Task4.test3" time elapsed: 00:00:00
----------------------------------------------------------

13/15 Testing: Task5.test1
13/15 Test: Task5.test1
Command: "/home/stani/Документы/553501/ОАиП/LR5/tests/build/test_case" "--gtest_filter=Task5.test1" "--gtest_also_run_disabled_tests"
Directory: /home/stani/Документы/553501/ОАиП/LR5/tests/build
"Task5.test1" start time: Nov 04 13:30 +03
Output:
----------------------------------------------------------
Running main() from /home/stani/Документы/553501/ОАиП/LR5/tests/build/_deps/googletest-src/googletest/src/gtest_main.cc
Note: Google Test filter = Task5.test1
[==========] Running 1 test from 1 test suite.
[----------] Global test environment set-up.
[----------] 1 test from Task5
[ RUN      ] Task5.test1
Нечетные элементы четных столбцов матрицы: 
1 
[       OK ] Task5.test1 (0 ms)
[----------] 1 test from Task5 (0 ms total)

[----------] Global test environment tear-down
[==========] 1 test from 1 test suite ran. (0 ms total)
[  PASSED  ] 1 test.
<end of output>
Test time =   0.00 sec
----------------------------------------------------------
Test Passed.
"Task5.test1" end time: Nov 04 13:30 +03
"Task5.test1" time elapsed: 00:00:00
----------------------------------------------------------

14/15 Testing: Task5.test2
14/15 Test: Task5.test2
Command: "/home/stani/Документы/553501/ОАиП/LR5/tests/build/test_case" "--gtest_filter=Task5.test2" "--gtest_also_run_disabled_tests"
Directory: /home/stani/Документы/553501/ОАиП/LR5/tests/build
"Task5.test2" start time: Nov 04 13:30 +03
Output:
----------------------------------------------------------
Running main() from /home/stani/Документы/553501/ОАиП/LR5/tests/build/_deps/googletest-src/googletest/src/gtest_main.cc
Note: Google Test filter = Task5.test2
[==========] Running 1 test from 1 test suite.
[----------] Global test environment set-up.
[----------] 1 test from Task5
[ RUN      ] Task5.test2
Нечетные элементы четных столбцов матрицы: 
1 3 1 3 1 3 
[       OK ] Task5.test2 (0 ms)
[----------] 1 test from Task5 (0 ms total)

[----------] Global test environment tear-down
[==========] 1 test from 1 test suite ran. (0 ms total)
[  PASSED  ] 1 test.
<end of output>
Test time =   0.01 sec
----------------------------------------------------------
Test Passed.
"Task5.test2" end time: Nov 04 13:30 +03
"Task5.test2" time elapsed: 00:00:00
----------------------------------------------------------

15/15 Testing: Task5.test3
15/15 Test: Task5.test3
Command: "/home/stani/Документы/553501/ОАиП/LR5/tests/build/test_case" "--gtest_filter=Task5.test3" "--gtest_also_run_disabled_tests"
Directory: /home/stani/Документы/553501/ОАиП/LR5/tests/build
"Task5.test3" start time: Nov 04 13:30 +03
Output:
----------------------------------------------------------
Running main() from /home/stani/Документы/553501/ОАиП/LR5/tests/build/_deps/googletest-src/googletest/src/gtest_main.cc
Note: Google Test filter = Task5.test3
[==========] Running 1 test from 1 test suite.
[----------] Global test environment set-up.
[----------] 1 test from Task5
[ RUN      ] Task5.test3
Нечетные элементы четных столбцов матрицы: 
1 1 1 9 9 9 
[       OK ] Task5.test3 (0 ms)
[----------] 1 test from Task5 (0 ms total)

[----------] Global test environment tear-down
[==========] 1 test from 1 test suite ran. (0 ms total)
[  PASSED  ] 1 test.
<end of output>
Test time =   0.01 sec
----------------------------------------------------------
Test Passed.
"Task5.test3" end time: Nov 04 13:30 +03
"Task5.test3" time elapsed: 00:00:00
----------------------------------------------------------

End testing: Nov 04 13:30 +03
